[debug] [2021-04-19T19:12:21.595Z] ----------------------------------------------------------------------
[debug] [2021-04-19T19:12:21.597Z] Command:       /usr/local/bin/node /usr/local/bin/firebase deploy
[debug] [2021-04-19T19:12:21.597Z] CLI Version:   9.10.0
[debug] [2021-04-19T19:12:21.597Z] Platform:      darwin
[debug] [2021-04-19T19:12:21.597Z] Node Version:  v14.16.0
[debug] [2021-04-19T19:12:21.599Z] Time:          Tue Apr 20 2021 03:12:21 GMT+0800 (China Standard Time)
[debug] [2021-04-19T19:12:21.599Z] ----------------------------------------------------------------------
[debug] 
[debug] [2021-04-19T19:12:21.606Z] > command requires scopes: ["email","openid","https://www.googleapis.com/auth/cloudplatformprojects.readonly","https://www.googleapis.com/auth/firebase","https://www.googleapis.com/auth/cloud-platform"]
[debug] [2021-04-19T19:12:21.606Z] > authorizing via signed-in user (anik.ynu@gmail.com)
[debug] [2021-04-19T19:12:21.606Z] [iam] checking project creative-agency-as for permissions ["firebase.projects.get","firebasehosting.sites.update"]
[debug] [2021-04-19T19:12:21.607Z] >>> HTTP REQUEST POST https://cloudresourcemanager.googleapis.com/v1/projects/creative-agency-as:testIamPermissions  
 {"permissions":["firebase.projects.get","firebasehosting.sites.update"]}
[debug] [2021-04-19T19:12:22.855Z] <<< HTTP RESPONSE 200 {"content-type":"application/json; charset=UTF-8","vary":"X-Origin, Referer, Origin,Accept-Encoding","date":"Mon, 19 Apr 2021 19:12:23 GMT","server":"ESF","cache-control":"private","x-xss-protection":"0","x-frame-options":"SAMEORIGIN","x-content-type-options":"nosniff","server-timing":"gfet4t7; dur=809","alt-svc":"h3-29=\":443\"; ma=2592000,h3-T051=\":443\"; ma=2592000,h3-Q050=\":443\"; ma=2592000,h3-Q046=\":443\"; ma=2592000,h3-Q043=\":443\"; ma=2592000,quic=\":443\"; ma=2592000; v=\"46,43\"","accept-ranges":"none","transfer-encoding":"chunked"}
[debug] [2021-04-19T19:12:22.859Z] > refreshing access token with scopes: []
[debug] [2021-04-19T19:12:22.859Z] >>> HTTP REQUEST POST https://www.googleapis.com/oauth2/v3/token  
 <request body omitted>
[debug] [2021-04-19T19:12:23.353Z] <<< HTTP RESPONSE 200 {"expires":"Mon, 01 Jan 1990 00:00:00 GMT","pragma":"no-cache","cache-control":"no-cache, no-store, max-age=0, must-revalidate","date":"Mon, 19 Apr 2021 19:12:23 GMT","content-type":"application/json; charset=utf-8","vary":"X-Origin, Referer, Origin,Accept-Encoding","server":"scaffolding on HTTPServer2","x-xss-protection":"0","x-frame-options":"SAMEORIGIN","x-content-type-options":"nosniff","alt-svc":"h3-29=\":443\"; ma=2592000,h3-T051=\":443\"; ma=2592000,h3-Q050=\":443\"; ma=2592000,h3-Q046=\":443\"; ma=2592000,h3-Q043=\":443\"; ma=2592000,quic=\":443\"; ma=2592000; v=\"46,43\"","accept-ranges":"none","transfer-encoding":"chunked"}
[debug] [2021-04-19T19:12:23.400Z] >>> [apiv2][query] GET https://firebase.googleapis.com/v1beta1/projects/creative-agency-as [none]
[debug] [2021-04-19T19:12:24.274Z] <<< [apiv2][status] GET https://firebase.googleapis.com/v1beta1/projects/creative-agency-as 200
[debug] [2021-04-19T19:12:24.274Z] <<< [apiv2][body] GET https://firebase.googleapis.com/v1beta1/projects/creative-agency-as {"projectId":"creative-agency-as","projectNumber":"1010197152086","displayName":"creative-agency-as","name":"projects/creative-agency-as","resources":{"hostingSite":"creative-agency-as","realtimeDatabaseInstance":"creative-agency-as"},"state":"ACTIVE"}
[info] 
[info] === Deploying to 'creative-agency-as'...
[info] 
[info] i  deploying hosting 
[debug] [2021-04-19T19:12:24.282Z] > refreshing access token with scopes: ["email","https://www.googleapis.com/auth/cloud-platform","https://www.googleapis.com/auth/cloudplatformprojects.readonly","https://www.googleapis.com/auth/firebase","openid"]
[debug] [2021-04-19T19:12:24.282Z] >>> HTTP REQUEST POST https://www.googleapis.com/oauth2/v3/token  
 <request body omitted>
[debug] [2021-04-19T19:12:24.670Z] <<< HTTP RESPONSE 200 {"expires":"Mon, 01 Jan 1990 00:00:00 GMT","cache-control":"no-cache, no-store, max-age=0, must-revalidate","pragma":"no-cache","date":"Mon, 19 Apr 2021 19:12:25 GMT","content-type":"application/json; charset=utf-8","vary":"X-Origin, Referer, Origin,Accept-Encoding","server":"scaffolding on HTTPServer2","x-xss-protection":"0","x-frame-options":"SAMEORIGIN","x-content-type-options":"nosniff","alt-svc":"h3-29=\":443\"; ma=2592000,h3-T051=\":443\"; ma=2592000,h3-Q050=\":443\"; ma=2592000,h3-Q046=\":443\"; ma=2592000,h3-Q043=\":443\"; ma=2592000,quic=\":443\"; ma=2592000; v=\"46,43\"","accept-ranges":"none","transfer-encoding":"chunked"}
[debug] [2021-04-19T19:12:24.716Z] >>> HTTP REQUEST POST https://firebasehosting.googleapis.com/v1beta1/sites/creative-agency-as/versions  
 {"config":{"rewrites":[{"glob":"**","path":"/index.html"}]},"labels":{"deployment-tool":"cli-firebase"}}
[debug] [2021-04-19T19:12:26.436Z] <<< HTTP RESPONSE 200 {"content-type":"application/json; charset=UTF-8","vary":"X-Origin, Referer, Origin,Accept-Encoding","date":"Mon, 19 Apr 2021 19:12:26 GMT","server":"ESF","cache-control":"private","x-xss-protection":"0","x-frame-options":"SAMEORIGIN","x-content-type-options":"nosniff","alt-svc":"h3-29=\":443\"; ma=2592000,h3-T051=\":443\"; ma=2592000,h3-Q050=\":443\"; ma=2592000,h3-Q046=\":443\"; ma=2592000,h3-Q043=\":443\"; ma=2592000,quic=\":443\"; ma=2592000; v=\"46,43\"","accept-ranges":"none","transfer-encoding":"chunked"}
[info] i  hosting[creative-agency-as]: beginning deploy... 
[info] i  hosting[creative-agency-as]: found 28 files in build 
[debug] [2021-04-19T19:12:26.727Z] > refreshing access token with scopes: []
[debug] [2021-04-19T19:12:26.727Z] >>> HTTP REQUEST POST https://www.googleapis.com/oauth2/v3/token  
 <request body omitted>
[debug] [2021-04-19T19:12:26.729Z] [hosting] hash cache [YnVpbGQ] stored for 28 files
[debug] [2021-04-19T19:12:26.729Z] [hosting][hash queue][FINAL] {"max":262,"min":15,"avg":36.25,"active":0,"complete":28,"success":28,"errored":0,"retried":0,"total":28,"elapsed":268}
[debug] [2021-04-19T19:12:27.135Z] <<< HTTP RESPONSE 200 {"date":"Mon, 19 Apr 2021 19:12:27 GMT","pragma":"no-cache","cache-control":"no-cache, no-store, max-age=0, must-revalidate","expires":"Mon, 01 Jan 1990 00:00:00 GMT","content-type":"application/json; charset=utf-8","vary":"X-Origin, Referer, Origin,Accept-Encoding","server":"scaffolding on HTTPServer2","x-xss-protection":"0","x-frame-options":"SAMEORIGIN","x-content-type-options":"nosniff","alt-svc":"h3-29=\":443\"; ma=2592000,h3-T051=\":443\"; ma=2592000,h3-Q050=\":443\"; ma=2592000,h3-Q046=\":443\"; ma=2592000,h3-Q043=\":443\"; ma=2592000,quic=\":443\"; ma=2592000; v=\"46,43\"","accept-ranges":"none","transfer-encoding":"chunked"}
[debug] [2021-04-19T19:12:27.177Z] >>> [apiv2][query] POST https://firebasehosting.googleapis.com/v1beta1/sites/creative-agency-as/versions/bcd4d1ff003cc612:populateFiles [none]
[debug] [2021-04-19T19:12:27.177Z] >>> [apiv2][body] POST https://firebasehosting.googleapis.com/v1beta1/sites/creative-agency-as/versions/bcd4d1ff003cc612:populateFiles {"files":{"/asset-manifest.json":"eeaeb1aef27489153b7ab160a800b07a921c05551072f174c2691d65a34266a1","/favicon.ico":"a08fa4488c3ecef62d9effd03b3a989929bdcbecf5e905941f9034a15bd3dba3","/index.html":"3269e43d799104a0c2e0378d91e938ffccc447613c77f17e0d1a9d8df995e05a","/robots.txt":"391d14b3c2f8c9143a27a28c7399585142228d4d1bdbe2c87ac946de411fa9a2","/favicon.png":"7054ff7ce7a3cf69b8e5f6d76f9158dafa8d1bec9c6e4e0e38e2c321a2e385f4","/logo512.png":"191fc21360b4ccfb1cda11a1efb97f489ed22672ca83f4064316802bbfdd750e","/static/css/main.81d86cfd.chunk.css.map":"1c8d63c32f832660f7f25018c300ba50ce4e9c6d5f58b4f1f721b5278e173f5b","/static/css/main.81d86cfd.chunk.css":"2ede041ac4e603898f730f9dbe3b75f1dccbe19b7b2a68616f97ff2c51abd2ec","/static/js/2.ee1d3455.chunk.js.LICENSE.txt":"a6d52a69212346d96043e5ce1ab5909fad4e8f2814882c1be124c20b6628f0be","/logo192.png":"caff018b7f1e8fd481eb1c50d75b0ef236bcd5078b1d15c8bb348453fee30293","/static/js/runtime-main.a81dbd74.js":"0944d06c109dab9e799004bccea3dacc99881f145661153efd88b8b7b54caa03","/manifest.json":"341d52628782f8ac9290bbfc43298afccb47b7cbfcee146ae30cf0f46bc30900","/static/js/runtime-main.a81dbd74.js.map":"1d36e2e6fafdd9a3a38b962cd905d572a6c3eb6fb1b28a64fad42aea25c48daa","/static/media/airbnb.f1c40bbc.png":"d144f5f9226b79e0f5b28d5226206047044e91db2ae4bfecdf7f17e83dfc99f5","/static/media/google.1e6a3348.png":"d831a8c86f23deeb8a86ceef026d3d7b4fb94fc08ba74a8a558993d4e485a3d0","/static/media/logo.1a94a9b0.png":"7054ff7ce7a3cf69b8e5f6d76f9158dafa8d1bec9c6e4e0e38e2c321a2e385f4","/static/js/main.88fc8a34.chunk.js":"761f8792faba3bd0e5a9de858ea5f862f28b06d33103cfd17dafcc2fc3dab7d0","/static/css/2.57177c9b.chunk.css":"16f6bdbc842e3900cc46ed392988a2de2983bda6c734590ac679d1172260aaf3","/static/js/main.88fc8a34.chunk.js.map":"25a052b857d95b2603c0508c203d07250d8d78397a9aa351923642dc85fd03ba","/static/media/Frame.33e98a43.png":"2f7434c3be5f713f47a1544e43c18d21ffcc664decd766128180c2b90eb523dc","/static/media/carousel-5.23f9212e.png":"37f1a1325892459d8c25fe88cad1ba85ee09490db00c6cd615126342cefac96b","/static/media/carousel-3.e93c87d7.png":"aec2136d40e1bb92bfe88a0584f8f1c8adf3390c5b522aca4f5a7bb1915e356b","/static/js/2.ee1d3455.chunk.js":"67686b2530315e44d1536b6e54a379402fe5a36e520a912691a5450b6e120ac7","/static/media/carousel-4.20ebe00f.png":"72dd310aa197ea43c8191316aba9bee722abd3267a5b03894ce43924112835e0","/static/media/carousel-1.ded23d13.png":"20f20b89a904aab788fa6fb23cc25412a48c6cd5e9fff25b0b3a4397d5901015","/static/css/2.57177c9b.chunk.css.map":"a9920524d8967a2e4bcdf2c1ea09b0076dd15d39f2cbb24cde77a1e9f79aa69f","/static/media/carousel-2.27e6ed4b.png":"c5af37f3d083909ee3522e1cba10ca00264a3b5547741efc9095673f3556d82b","/static/js/2.ee1d3455.chunk.js.map":"58564f53d7e736e889a213f619c1da1badeda7cfc9b959ebaa1f95f98488b20b"}}
[debug] [2021-04-19T19:12:28.794Z] <<< [apiv2][status] POST https://firebasehosting.googleapis.com/v1beta1/sites/creative-agency-as/versions/bcd4d1ff003cc612:populateFiles 200
[debug] [2021-04-19T19:12:28.795Z] <<< [apiv2][body] POST https://firebasehosting.googleapis.com/v1beta1/sites/creative-agency-as/versions/bcd4d1ff003cc612:populateFiles {"uploadRequiredHashes":["25a052b857d95b2603c0508c203d07250d8d78397a9aa351923642dc85fd03ba","eeaeb1aef27489153b7ab160a800b07a921c05551072f174c2691d65a34266a1","761f8792faba3bd0e5a9de858ea5f862f28b06d33103cfd17dafcc2fc3dab7d0","3269e43d799104a0c2e0378d91e938ffccc447613c77f17e0d1a9d8df995e05a"],"uploadUrl":"https://upload-firebasehosting.googleapis.com/upload/sites/creative-agency-as/versions/bcd4d1ff003cc612/files"}
[debug] [2021-04-19T19:12:28.798Z] >>> [apiv2][query] POST https://upload-firebasehosting.googleapis.com/upload/sites/creative-agency-as/versions/bcd4d1ff003cc612/files/25a052b857d95b2603c0508c203d07250d8d78397a9aa351923642dc85fd03ba [none]
[debug] [2021-04-19T19:12:28.798Z] >>> [apiv2][body] POST https://upload-firebasehosting.googleapis.com/upload/sites/creative-agency-as/versions/bcd4d1ff003cc612/files/25a052b857d95b2603c0508c203d07250d8d78397a9aa351923642dc85fd03ba [stream]
[debug] [2021-04-19T19:12:28.800Z] >>> [apiv2][query] POST https://upload-firebasehosting.googleapis.com/upload/sites/creative-agency-as/versions/bcd4d1ff003cc612/files/eeaeb1aef27489153b7ab160a800b07a921c05551072f174c2691d65a34266a1 [none]
[debug] [2021-04-19T19:12:28.800Z] >>> [apiv2][body] POST https://upload-firebasehosting.googleapis.com/upload/sites/creative-agency-as/versions/bcd4d1ff003cc612/files/eeaeb1aef27489153b7ab160a800b07a921c05551072f174c2691d65a34266a1 [stream]
[debug] [2021-04-19T19:12:28.801Z] >>> [apiv2][query] POST https://upload-firebasehosting.googleapis.com/upload/sites/creative-agency-as/versions/bcd4d1ff003cc612/files/761f8792faba3bd0e5a9de858ea5f862f28b06d33103cfd17dafcc2fc3dab7d0 [none]
[debug] [2021-04-19T19:12:28.801Z] >>> [apiv2][body] POST https://upload-firebasehosting.googleapis.com/upload/sites/creative-agency-as/versions/bcd4d1ff003cc612/files/761f8792faba3bd0e5a9de858ea5f862f28b06d33103cfd17dafcc2fc3dab7d0 [stream]
[debug] [2021-04-19T19:12:28.802Z] >>> [apiv2][query] POST https://upload-firebasehosting.googleapis.com/upload/sites/creative-agency-as/versions/bcd4d1ff003cc612/files/3269e43d799104a0c2e0378d91e938ffccc447613c77f17e0d1a9d8df995e05a [none]
[debug] [2021-04-19T19:12:28.802Z] >>> [apiv2][body] POST https://upload-firebasehosting.googleapis.com/upload/sites/creative-agency-as/versions/bcd4d1ff003cc612/files/3269e43d799104a0c2e0378d91e938ffccc447613c77f17e0d1a9d8df995e05a [stream]
[debug] [2021-04-19T19:12:28.804Z] [hosting][populate queue][FINAL] {"max":2071,"min":2071,"avg":2071,"active":0,"complete":1,"success":1,"errored":0,"retried":0,"total":1,"elapsed":2077}
[debug] [2021-04-19T19:12:28.805Z] [hosting] uploads queued: 4
